========================================
Phoenix GTest Suite
========================================
Note: Google Test filter = ModelDeployment.*:GraphDiffusionSummarizer.*:HierarchicalMemory.*:MixedModalIOTest.*
[==========] Running 40 tests from 4 test suites.
[----------] Global test environment set-up.
[----------] 16 tests from ModelDeployment
[ RUN      ] ModelDeployment.PlacementToString
[       OK ] ModelDeployment.PlacementToString (0 ms)
[ RUN      ] ModelDeployment.ParsePlacement
[       OK ] ModelDeployment.ParsePlacement (0 ms)
[ RUN      ] ModelDeployment.RemoteEndpointJsonRoundTrip
[       OK ] ModelDeployment.RemoteEndpointJsonRoundTrip (0 ms)
[ RUN      ] ModelDeployment.ModelDeploymentRecordJsonRoundTrip
[       OK ] ModelDeployment.ModelDeploymentRecordJsonRoundTrip (0 ms)
[ RUN      ] ModelDeployment.AutoRecordJsonRoundTrip
[       OK ] ModelDeployment.AutoRecordJsonRoundTrip (0 ms)
[ RUN      ] ModelDeployment.ConfigSingletonReset
[       OK ] ModelDeployment.ConfigSingletonReset (0 ms)
[ RUN      ] ModelDeployment.ConfigLoadFromArgs
[       OK ] ModelDeployment.ConfigLoadFromArgs (0 ms)
[ RUN      ] ModelDeployment.ConfigLoadFromArgsAuto
[       OK ] ModelDeployment.ConfigLoadFromArgsAuto (0 ms)
[ RUN      ] ModelDeployment.Base64RoundTrip
[       OK ] ModelDeployment.Base64RoundTrip (0 ms)
[ RUN      ] ModelDeployment.Base64Empty
[       OK ] ModelDeployment.Base64Empty (0 ms)
[ RUN      ] ModelDeployment.Base64Padding1
[       OK ] ModelDeployment.Base64Padding1 (0 ms)
[ RUN      ] ModelDeployment.Base64Padding2
[       OK ] ModelDeployment.Base64Padding2 (0 ms)
[ RUN      ] ModelDeployment.Base64DecodeIgnoresWhitespace
[       OK ] ModelDeployment.Base64DecodeIgnoresWhitespace (0 ms)
[ RUN      ] ModelDeployment.Base64DecodeInvalidReturnsEmpty
[       OK ] ModelDeployment.Base64DecodeInvalidReturnsEmpty (0 ms)
[ RUN      ] ModelDeployment.ConfigToJsonRoundTrip
[       OK ] ModelDeployment.ConfigToJsonRoundTrip (0 ms)
[ RUN      ] ModelDeployment.RemoteClientCallEmptyUrl
[       OK ] ModelDeployment.RemoteClientCallEmptyUrl (0 ms)
[----------] 16 tests from ModelDeployment (0 ms total)

[----------] 5 tests from HierarchicalMemory
[ RUN      ] HierarchicalMemory.PutAndGet
[       OK ] HierarchicalMemory.PutAndGet (0 ms)
[ RUN      ] HierarchicalMemory.PromotesHighActivationToWorkingTier
[       OK ] HierarchicalMemory.PromotesHighActivationToWorkingTier (0 ms)
[ RUN      ] HierarchicalMemory.DeleteRemovesFromAllTiers
[       OK ] HierarchicalMemory.DeleteRemovesFromAllTiers (0 ms)
[ RUN      ] HierarchicalMemory.QueryReturnsTopKByPrefix
[       OK ] HierarchicalMemory.QueryReturnsTopKByPrefix (0 ms)
[ RUN      ] HierarchicalMemory.SnapshotRoundTrip
[       OK ] HierarchicalMemory.SnapshotRoundTrip (0 ms)
[----------] 5 tests from HierarchicalMemory (0 ms total)

[----------] 4 tests from GraphDiffusionSummarizer
[ RUN      ] GraphDiffusionSummarizer.RanksSeedNodesWhenNoEdges
[       OK ] GraphDiffusionSummarizer.RanksSeedNodesWhenNoEdges (0 ms)
[ RUN      ] GraphDiffusionSummarizer.DiffusionBoostsHighlyConnectedNode
[       OK ] GraphDiffusionSummarizer.DiffusionBoostsHighlyConnectedNode (0 ms)
[ RUN      ] GraphDiffusionSummarizer.SummarizeFromJson
[       OK ] GraphDiffusionSummarizer.SummarizeFromJson (0 ms)
[ RUN      ] GraphDiffusionSummarizer.EmptyInputReturnsEmptySummary
[       OK ] GraphDiffusionSummarizer.EmptyInputReturnsEmptySummary (0 ms)
[----------] 4 tests from GraphDiffusionSummarizer (0 ms total)

[----------] 15 tests from MixedModalIOTest
[ RUN      ] MixedModalIOTest.ModalityStringConversions
[       OK ] MixedModalIOTest.ModalityStringConversions (0 ms)
[ RUN      ] MixedModalIOTest.JsonRoundTrip
[       OK ] MixedModalIOTest.JsonRoundTrip (0 ms)
[ RUN      ] MixedModalIOTest.ToSemanticUnitText
[       OK ] MixedModalIOTest.ToSemanticUnitText (0 ms)
[ RUN      ] MixedModalIOTest.ToSemanticUnitImage
[       OK ] MixedModalIOTest.ToSemanticUnitImage (1 ms)
[ RUN      ] MixedModalIOTest.WorldModelConceptVectorTakesPrecedence
[       OK ] MixedModalIOTest.WorldModelConceptVectorTakesPrecedence (0 ms)
[ RUN      ] MixedModalIOTest.SpeechPretrainingPersistsConceptAlignment
[       OK ] MixedModalIOTest.SpeechPretrainingPersistsConceptAlignment (1 ms)
[ RUN      ] MixedModalIOTest.DecodeSemanticUnitToConceptPacket
[       OK ] MixedModalIOTest.DecodeSemanticUnitToConceptPacket (0 ms)
[ RUN      ] MixedModalIOTest.InputBufferPushAndFlush
[       OK ] MixedModalIOTest.InputBufferPushAndFlush (0 ms)
[ RUN      ] MixedModalIOTest.OutputQueueDrain
[       OK ] MixedModalIOTest.OutputQueueDrain (0 ms)
[ RUN      ] MixedModalIOTest.ChannelRegistry
[       OK ] MixedModalIOTest.ChannelRegistry (0 ms)
[ RUN      ] MixedModalIOTest.InvalidJsonFallback
[       OK ] MixedModalIOTest.InvalidJsonFallback (0 ms)
[ RUN      ] MixedModalIOTest.DecodeSemanticUnitToTextPacket
[       OK ] MixedModalIOTest.DecodeSemanticUnitToTextPacket (0 ms)
[ RUN      ] MixedModalIOTest.DecodeSemanticUnitToAudioPacket
[       OK ] MixedModalIOTest.DecodeSemanticUnitToAudioPacket (2 ms)
[ RUN      ] MixedModalIOTest.PretrainSpeechInvalidInputs
[       OK ] MixedModalIOTest.PretrainSpeechInvalidInputs (0 ms)
[ RUN      ] MixedModalIOTest.StructuredMediaConceptEncoding
[       OK ] MixedModalIOTest.StructuredMediaConceptEncoding (0 ms)
[----------] 15 tests from MixedModalIOTest (6 ms total)

[----------] Global test environment tear-down
[==========] 40 tests from 4 test suites ran. (7 ms total)
[  PASSED  ] 40 tests.
